<?xml version="1.0" encoding="utf-8"?>
<coverage line-rate="0.9761" branch-rate="0.7948999999999999" version="1.9" timestamp="1732442998" lines-covered="368" lines-valid="377" branches-covered="190" branches-valid="239">
  <sources>
    <source>/home/paolo/ws/degiro-bookkeeper/src/Degiro.Account/</source>
  </sources>
  <packages>
    <package name="Degiro.Account" line-rate="0.9761" branch-rate="0.7948999999999999" complexity="273">
      <classes>
        <class name="Degiro.TxnType" filename="Model.fs" line-rate="0.5" branch-rate="1" complexity="2">
          <methods>
            <method name="ToString" signature="()" line-rate="0" branch-rate="1" complexity="1">
              <lines>
                <line number="25" hits="0" branch="False" />
              </lines>
            </method>
            <method name="FromString" signature="(System.String)" line-rate="1" branch-rate="1" complexity="1">
              <lines>
                <line number="26" hits="52" branch="False" />
              </lines>
            </method>
          </methods>
          <lines>
            <line number="25" hits="0" branch="False" />
            <line number="26" hits="52" branch="False" />
          </lines>
        </class>
        <class name="Degiro.Currency" filename="Model.fs" line-rate="1" branch-rate="1" complexity="2">
          <methods>
            <method name="ToString" signature="()" line-rate="1" branch-rate="1" complexity="1">
              <lines>
                <line number="34" hits="2" branch="False" />
              </lines>
            </method>
            <method name="FromString" signature="(System.String)" line-rate="1" branch-rate="1" complexity="1">
              <lines>
                <line number="35" hits="53" branch="False" />
              </lines>
            </method>
          </methods>
          <lines>
            <line number="34" hits="2" branch="False" />
            <line number="35" hits="53" branch="False" />
          </lines>
        </class>
        <class name="Degiro.Utils" filename="Model.fs" line-rate="0.8" branch-rate="0.5" complexity="5">
          <methods>
            <method name="toString" signature="(a)" line-rate="1" branch-rate="1" complexity="1">
              <lines>
                <line number="8" hits="2" branch="False" />
                <line number="9" hits="2" branch="False" />
              </lines>
            </method>
            <method name="fromString" signature="(System.String)" line-rate="0.6666" branch-rate="0.5" complexity="4">
              <lines>
                <line number="13" hits="631" branch="True" condition-coverage="50% (2/4)">
                  <conditions>
                    <condition number="34" type="jump" coverage="50%" />
                    <condition number="47" type="jump" coverage="50%" />
                  </conditions>
                </line>
                <line number="14" hits="105" branch="False" />
                <line number="15" hits="0" branch="False" />
              </lines>
            </method>
          </methods>
          <lines>
            <line number="8" hits="2" branch="False" />
            <line number="9" hits="2" branch="False" />
            <line number="13" hits="631" branch="True" condition-coverage="50% (2/4)">
              <conditions>
                <condition number="34" type="jump" coverage="50%" />
                <condition number="47" type="jump" coverage="50%" />
              </conditions>
            </line>
            <line number="14" hits="105" branch="False" />
            <line number="15" hits="0" branch="False" />
          </lines>
        </class>
        <class name="Degiro.CliOutput" filename="Output.fs" line-rate="0.9582999999999999" branch-rate="0.75" complexity="24">
          <methods>
            <method name="getEarningsCliString" signature="(Microsoft.FSharp.Collections.FSharpList`1&lt;Degiro.Earning&gt;)" line-rate="0.8665999999999999" branch-rate="0.7142000000000001" complexity="14">
              <lines>
                <line number="79" hits="1" branch="False" />
                <line number="81" hits="1" branch="False" />
                <line number="82" hits="2" branch="False" />
                <line number="84" hits="2" branch="False" />
                <line number="90" hits="2" branch="True" condition-coverage="100% (2/2)">
                  <conditions>
                    <condition number="199" type="jump" coverage="100%" />
                  </conditions>
                </line>
                <line number="93" hits="1" branch="True" condition-coverage="50% (1/2)">
                  <conditions>
                    <condition number="208" type="jump" coverage="50%" />
                  </conditions>
                </line>
                <line number="94" hits="0" branch="False" />
                <line number="95" hits="4" branch="True" condition-coverage="75% (3/4)">
                  <conditions>
                    <condition number="246" type="jump" coverage="50%" />
                    <condition number="328" type="jump" coverage="100%" />
                  </conditions>
                </line>
                <line number="98" hits="1" branch="True" condition-coverage="50% (1/2)">
                  <conditions>
                    <condition number="342" type="jump" coverage="50%" />
                  </conditions>
                </line>
                <line number="99" hits="0" branch="False" />
                <line number="100" hits="4" branch="True" condition-coverage="75% (3/4)">
                  <conditions>
                    <condition number="383" type="jump" coverage="50%" />
                    <condition number="477" type="jump" coverage="100%" />
                  </conditions>
                </line>
                <line number="102" hits="2" branch="False" />
                <line number="104" hits="2" branch="False" />
                <line number="106" hits="2" branch="False" />
                <line number="108" hits="1" branch="False" />
              </lines>
            </method>
            <method name="getEtfBuysCliString" signature="(Microsoft.FSharp.Collections.FSharpList`1&lt;Degiro.Txn&gt;)" line-rate="1" branch-rate="0.8332999999999999" complexity="6">
              <lines>
                <line number="111" hits="1" branch="False" />
                <line number="113" hits="1" branch="False" />
                <line number="114" hits="1" branch="False" />
                <line number="116" hits="2" branch="False" />
                <line number="118" hits="2" branch="False" />
                <line number="125" hits="2" branch="True" condition-coverage="100% (2/2)">
                  <conditions>
                    <condition number="233" type="jump" coverage="100%" />
                  </conditions>
                </line>
                <line number="127" hits="4" branch="True" condition-coverage="75% (3/4)">
                  <conditions>
                    <condition number="249" type="jump" coverage="50%" />
                    <condition number="331" type="jump" coverage="100%" />
                  </conditions>
                </line>
                <line number="129" hits="2" branch="False" />
                <line number="131" hits="2" branch="False" />
                <line number="133" hits="1" branch="False" />
              </lines>
            </method>
            <method name="getDividendsCliString" signature="(Microsoft.FSharp.Collections.FSharpList`1&lt;Degiro.Dividend&gt;)" line-rate="1" branch-rate="1" complexity="2">
              <lines>
                <line number="136" hits="1" branch="False" />
                <line number="138" hits="1" branch="False" />
                <line number="139" hits="2" branch="False" />
                <line number="141" hits="2" branch="False" />
                <line number="147" hits="2" branch="True" condition-coverage="100% (2/2)">
                  <conditions>
                    <condition number="199" type="jump" coverage="100%" />
                  </conditions>
                </line>
                <line number="154" hits="2" branch="False" />
                <line number="156" hits="1" branch="False" />
                <line number="157" hits="1" branch="False" />
                <line number="159" hits="1" branch="False" />
                <line number="160" hits="1" branch="False" />
                <line number="162" hits="1" branch="False" />
                <line number="163" hits="1" branch="False" />
                <line number="165" hits="1" branch="False" />
                <line number="166" hits="1" branch="False" />
                <line number="168" hits="1" branch="False" />
              </lines>
            </method>
            <method name="getStockChangesCliString" signature="(System.Collections.Generic.IEnumerable`1&lt;Degiro.StockChange&gt;)" line-rate="1" branch-rate="0.5" complexity="2">
              <lines>
                <line number="171" hits="2" branch="True" condition-coverage="50% (1/2)">
                  <conditions>
                    <condition number="16" type="jump" coverage="50%" />
                  </conditions>
                </line>
                <line number="173" hits="1" branch="False" />
                <line number="175" hits="1" branch="False" />
                <line number="176" hits="1" branch="False" />
                <line number="178" hits="2" branch="False" />
                <line number="180" hits="2" branch="False" />
                <line number="187" hits="2" branch="False" />
                <line number="189" hits="1" branch="False" />
              </lines>
            </method>
          </methods>
          <lines>
            <line number="79" hits="1" branch="False" />
            <line number="81" hits="1" branch="False" />
            <line number="82" hits="2" branch="False" />
            <line number="84" hits="2" branch="False" />
            <line number="90" hits="2" branch="True" condition-coverage="100% (2/2)">
              <conditions>
                <condition number="199" type="jump" coverage="100%" />
              </conditions>
            </line>
            <line number="93" hits="1" branch="True" condition-coverage="50% (1/2)">
              <conditions>
                <condition number="208" type="jump" coverage="50%" />
              </conditions>
            </line>
            <line number="94" hits="0" branch="False" />
            <line number="95" hits="4" branch="True" condition-coverage="75% (3/4)">
              <conditions>
                <condition number="246" type="jump" coverage="50%" />
                <condition number="328" type="jump" coverage="100%" />
              </conditions>
            </line>
            <line number="98" hits="1" branch="True" condition-coverage="50% (1/2)">
              <conditions>
                <condition number="342" type="jump" coverage="50%" />
              </conditions>
            </line>
            <line number="99" hits="0" branch="False" />
            <line number="100" hits="4" branch="True" condition-coverage="75% (3/4)">
              <conditions>
                <condition number="383" type="jump" coverage="50%" />
                <condition number="477" type="jump" coverage="100%" />
              </conditions>
            </line>
            <line number="102" hits="2" branch="False" />
            <line number="104" hits="2" branch="False" />
            <line number="106" hits="2" branch="False" />
            <line number="108" hits="1" branch="False" />
            <line number="111" hits="1" branch="False" />
            <line number="113" hits="1" branch="False" />
            <line number="114" hits="1" branch="False" />
            <line number="116" hits="2" branch="False" />
            <line number="118" hits="2" branch="False" />
            <line number="125" hits="2" branch="True" condition-coverage="100% (2/2)">
              <conditions>
                <condition number="233" type="jump" coverage="100%" />
              </conditions>
            </line>
            <line number="127" hits="4" branch="True" condition-coverage="75% (3/4)">
              <conditions>
                <condition number="249" type="jump" coverage="50%" />
                <condition number="331" type="jump" coverage="100%" />
              </conditions>
            </line>
            <line number="129" hits="2" branch="False" />
            <line number="131" hits="2" branch="False" />
            <line number="133" hits="1" branch="False" />
            <line number="136" hits="1" branch="False" />
            <line number="138" hits="1" branch="False" />
            <line number="139" hits="2" branch="False" />
            <line number="141" hits="2" branch="False" />
            <line number="147" hits="2" branch="True" condition-coverage="100% (2/2)">
              <conditions>
                <condition number="199" type="jump" coverage="100%" />
              </conditions>
            </line>
            <line number="154" hits="2" branch="False" />
            <line number="156" hits="1" branch="False" />
            <line number="157" hits="1" branch="False" />
            <line number="159" hits="1" branch="False" />
            <line number="160" hits="1" branch="False" />
            <line number="162" hits="1" branch="False" />
            <line number="163" hits="1" branch="False" />
            <line number="165" hits="1" branch="False" />
            <line number="166" hits="1" branch="False" />
            <line number="168" hits="1" branch="False" />
            <line number="171" hits="2" branch="True" condition-coverage="50% (1/2)">
              <conditions>
                <condition number="16" type="jump" coverage="50%" />
              </conditions>
            </line>
            <line number="173" hits="1" branch="False" />
            <line number="175" hits="1" branch="False" />
            <line number="176" hits="1" branch="False" />
            <line number="178" hits="2" branch="False" />
            <line number="180" hits="2" branch="False" />
            <line number="187" hits="2" branch="False" />
            <line number="189" hits="1" branch="False" />
          </lines>
        </class>
        <class name="Degiro.CliOutput/getEarningLine@87" filename="Output.fs" line-rate="1" branch-rate="1" complexity="1">
          <methods>
            <method name="Invoke" signature="(Degiro.Earning)" line-rate="1" branch-rate="1" complexity="1">
              <lines>
                <line number="87" hits="2" branch="False" />
                <line number="88" hits="2" branch="False" />
              </lines>
            </method>
          </methods>
          <lines>
            <line number="87" hits="2" branch="False" />
            <line number="88" hits="2" branch="False" />
          </lines>
        </class>
        <class name="Degiro.CliOutput/getEtfBuyLine@121" filename="Output.fs" line-rate="1" branch-rate="1" complexity="1">
          <methods>
            <method name="Invoke" signature="(Degiro.Txn)" line-rate="1" branch-rate="1" complexity="1">
              <lines>
                <line number="121" hits="2" branch="False" />
                <line number="122" hits="2" branch="False" />
                <line number="123" hits="2" branch="False" />
              </lines>
            </method>
          </methods>
          <lines>
            <line number="121" hits="2" branch="False" />
            <line number="122" hits="2" branch="False" />
            <line number="123" hits="2" branch="False" />
          </lines>
        </class>
        <class name="Degiro.CliOutput/getDividentLine@144" filename="Output.fs" line-rate="1" branch-rate="1" complexity="1">
          <methods>
            <method name="Invoke" signature="(Degiro.Dividend)" line-rate="1" branch-rate="1" complexity="1">
              <lines>
                <line number="144" hits="2" branch="False" />
                <line number="145" hits="2" branch="False" />
              </lines>
            </method>
          </methods>
          <lines>
            <line number="144" hits="2" branch="False" />
            <line number="145" hits="2" branch="False" />
          </lines>
        </class>
        <class name="Degiro.CliOutput/Pipe #1 stage #1 at line 151@151" filename="Output.fs" line-rate="1" branch-rate="1" complexity="1">
          <methods>
            <method name="Invoke" signature="(Degiro.Dividend)" line-rate="1" branch-rate="1" complexity="1">
              <lines>
                <line number="151" hits="12" branch="False" />
              </lines>
            </method>
          </methods>
          <lines>
            <line number="151" hits="12" branch="False" />
          </lines>
        </class>
        <class name="Degiro.CliOutput/getTotalNetDividends@150" filename="Output.fs" line-rate="1" branch-rate="1" complexity="4">
          <methods>
            <method name="Invoke" signature="(Microsoft.FSharp.Collections.FSharpList`1&lt;Degiro.Dividend&gt;,Degiro.Currency)" line-rate="1" branch-rate="1" complexity="4">
              <lines>
                <line number="150" hits="4" branch="False" />
                <line number="152" hits="6" branch="True" condition-coverage="100% (4/4)">
                  <conditions>
                    <condition number="23" type="jump" coverage="100%" />
                    <condition number="115" type="jump" coverage="100%" />
                  </conditions>
                </line>
              </lines>
            </method>
          </methods>
          <lines>
            <line number="150" hits="4" branch="False" />
            <line number="152" hits="6" branch="True" condition-coverage="100% (4/4)">
              <conditions>
                <condition number="23" type="jump" coverage="100%" />
                <condition number="115" type="jump" coverage="100%" />
              </conditions>
            </line>
          </lines>
        </class>
        <class name="Degiro.CliOutput/getChangeLine@183" filename="Output.fs" line-rate="1" branch-rate="1" complexity="1">
          <methods>
            <method name="Invoke" signature="(Degiro.StockChange)" line-rate="1" branch-rate="1" complexity="1">
              <lines>
                <line number="183" hits="1" branch="False" />
                <line number="184" hits="1" branch="False" />
                <line number="185" hits="1" branch="False" />
              </lines>
            </method>
          </methods>
          <lines>
            <line number="183" hits="1" branch="False" />
            <line number="184" hits="1" branch="False" />
            <line number="185" hits="1" branch="False" />
          </lines>
        </class>
        <class name="Degiro.CsvOutput" filename="Output.fs" line-rate="1" branch-rate="1" complexity="3">
          <methods>
            <method name="earningsToCsvString" signature="(Microsoft.FSharp.Collections.FSharpList`1&lt;Degiro.Earning&gt;)" line-rate="1" branch-rate="1" complexity="1">
              <lines>
                <line number="41" hits="4" branch="False" />
                <line number="42" hits="2" branch="False" />
                <line number="43" hits="2" branch="False" />
              </lines>
            </method>
            <method name="dividendsToCsvString" signature="(Microsoft.FSharp.Collections.FSharpList`1&lt;Degiro.Dividend&gt;)" line-rate="1" branch-rate="1" complexity="1">
              <lines>
                <line number="55" hits="4" branch="False" />
                <line number="56" hits="2" branch="False" />
                <line number="57" hits="2" branch="False" />
              </lines>
            </method>
            <method name="etfBuysToCsvString" signature="(Microsoft.FSharp.Collections.FSharpList`1&lt;Degiro.Txn&gt;)" line-rate="1" branch-rate="1" complexity="1">
              <lines>
                <line number="71" hits="4" branch="False" />
                <line number="72" hits="2" branch="False" />
                <line number="73" hits="2" branch="False" />
              </lines>
            </method>
          </methods>
          <lines>
            <line number="41" hits="4" branch="False" />
            <line number="42" hits="2" branch="False" />
            <line number="43" hits="2" branch="False" />
            <line number="55" hits="4" branch="False" />
            <line number="56" hits="2" branch="False" />
            <line number="57" hits="2" branch="False" />
            <line number="71" hits="4" branch="False" />
            <line number="72" hits="2" branch="False" />
            <line number="73" hits="2" branch="False" />
          </lines>
        </class>
        <class name="Degiro.CsvOutput/earningToRow@32" filename="Output.fs" line-rate="1" branch-rate="1" complexity="1">
          <methods>
            <method name="Invoke" signature="(Degiro.Earning)" line-rate="1" branch-rate="1" complexity="1">
              <lines>
                <line number="32" hits="2" branch="False" />
                <line number="33" hits="2" branch="False" />
                <line number="34" hits="2" branch="False" />
                <line number="35" hits="2" branch="False" />
                <line number="36" hits="2" branch="False" />
                <line number="37" hits="2" branch="False" />
                <line number="38" hits="2" branch="False" />
                <line number="39" hits="2" branch="False" />
              </lines>
            </method>
          </methods>
          <lines>
            <line number="32" hits="2" branch="False" />
            <line number="33" hits="2" branch="False" />
            <line number="34" hits="2" branch="False" />
            <line number="35" hits="2" branch="False" />
            <line number="36" hits="2" branch="False" />
            <line number="37" hits="2" branch="False" />
            <line number="38" hits="2" branch="False" />
            <line number="39" hits="2" branch="False" />
          </lines>
        </class>
        <class name="Degiro.CsvOutput/dividendToRow@47" filename="Output.fs" line-rate="1" branch-rate="1" complexity="1">
          <methods>
            <method name="Invoke" signature="(Degiro.Dividend)" line-rate="1" branch-rate="1" complexity="1">
              <lines>
                <line number="47" hits="2" branch="False" />
                <line number="48" hits="2" branch="False" />
                <line number="49" hits="2" branch="False" />
                <line number="50" hits="2" branch="False" />
                <line number="51" hits="2" branch="False" />
                <line number="52" hits="2" branch="False" />
                <line number="53" hits="2" branch="False" />
              </lines>
            </method>
          </methods>
          <lines>
            <line number="47" hits="2" branch="False" />
            <line number="48" hits="2" branch="False" />
            <line number="49" hits="2" branch="False" />
            <line number="50" hits="2" branch="False" />
            <line number="51" hits="2" branch="False" />
            <line number="52" hits="2" branch="False" />
            <line number="53" hits="2" branch="False" />
          </lines>
        </class>
        <class name="Degiro.CsvOutput/etfBuyToRow@61" filename="Output.fs" line-rate="1" branch-rate="1" complexity="1">
          <methods>
            <method name="Invoke" signature="(Degiro.Txn)" line-rate="1" branch-rate="1" complexity="1">
              <lines>
                <line number="61" hits="2" branch="False" />
                <line number="62" hits="2" branch="False" />
                <line number="63" hits="2" branch="False" />
                <line number="64" hits="2" branch="False" />
                <line number="65" hits="2" branch="False" />
                <line number="66" hits="2" branch="False" />
                <line number="67" hits="2" branch="False" />
                <line number="68" hits="2" branch="False" />
                <line number="69" hits="2" branch="False" />
              </lines>
            </method>
          </methods>
          <lines>
            <line number="61" hits="2" branch="False" />
            <line number="62" hits="2" branch="False" />
            <line number="63" hits="2" branch="False" />
            <line number="64" hits="2" branch="False" />
            <line number="65" hits="2" branch="False" />
            <line number="66" hits="2" branch="False" />
            <line number="67" hits="2" branch="False" />
            <line number="68" hits="2" branch="False" />
            <line number="69" hits="2" branch="False" />
          </lines>
        </class>
        <class name="Degiro.Account" filename="Degiro.fs" line-rate="0.9854999999999999" branch-rate="0.7711" complexity="125">
          <methods>
            <method name="getRowsGroupedByOrderId" signature="(System.Collections.Generic.IEnumerable`1&lt;System.Tuple`8&lt;System.DateTime,System.TimeSpan,System.DateTime,System.String,System.String,System.String,System.Double,System.Tuple`5&lt;System.String,System.Nullable`1&lt;System.Decimal&gt;,System.String,System.Decimal,Microsoft.FSharp.Core.FSharpOption`1&lt;System.Guid&gt;&gt;&gt;&gt;)" line-rate="1" branch-rate="1" complexity="1">
              <lines>
                <line number="35" hits="14" branch="False" />
                <line number="36" hits="145" branch="False" />
                <line number="37" hits="14" branch="False" />
                <line number="38" hits="111" branch="False" />
                <line number="39" hits="111" branch="False" />
                <line number="40" hits="14" branch="False" />
              </lines>
            </method>
            <method name="getProductType" signature="(System.String)" line-rate="1" branch-rate="1" complexity="2">
              <lines>
                <line number="45" hits="24" branch="False" />
                <line number="46" hits="24" branch="False" />
                <line number="47" hits="24" branch="False" />
                <line number="48" hits="24" branch="True" condition-coverage="100% (2/2)">
                  <conditions>
                    <condition number="80" type="jump" coverage="100%" />
                  </conditions>
                </line>
                <line number="49" hits="5" branch="False" />
                <line number="50" hits="43" branch="False" />
              </lines>
            </method>
            <method name="buildTxn" signature="(System.String,System.Collections.Generic.IEnumerable`1&lt;System.Tuple`8&lt;System.DateTime,System.TimeSpan,System.DateTime,System.String,System.String,System.String,System.Double,System.Tuple`5&lt;System.String,System.Nullable`1&lt;System.Decimal&gt;,System.String,System.Decimal,Microsoft.FSharp.Core.FSharpOption`1&lt;System.Guid&gt;&gt;&gt;&gt;)" line-rate="0.9636" branch-rate="0.8845999999999999" complexity="26">
              <lines>
                <line number="56" hits="24" branch="False" />
                <line number="58" hits="24" branch="False" />
                <line number="61" hits="24" branch="False" />
                <line number="62" hits="609" branch="False" />
                <line number="64" hits="24" branch="False" />
                <line number="65" hits="24" branch="False" />
                <line number="66" hits="24" branch="False" />
                <line number="67" hits="24" branch="False" />
                <line number="68" hits="24" branch="False" />
                <line number="92" hits="24" branch="False" />
                <line number="93" hits="24" branch="False" />
                <line number="96" hits="24" branch="False" />
                <line number="97" hits="24" branch="False" />
                <line number="98" hits="111" branch="False" />
                <line number="99" hits="97" branch="False" />
                <line number="100" hits="62" branch="True" condition-coverage="100% (2/2)">
                  <conditions>
                    <condition number="313" type="jump" coverage="100%" />
                  </conditions>
                </line>
                <line number="103" hits="52" branch="True" condition-coverage="100% (2/2)">
                  <conditions>
                    <condition number="369" type="jump" coverage="100%" />
                  </conditions>
                </line>
                <line number="111" hits="1" branch="False" />
                <line number="112" hits="1" branch="False" />
                <line number="115" hits="4" branch="True" condition-coverage="100% (2/2)">
                  <conditions>
                    <condition number="495" type="jump" coverage="100%" />
                  </conditions>
                </line>
                <line number="118" hits="4" branch="True" condition-coverage="100% (2/2)">
                  <conditions>
                    <condition number="612" type="jump" coverage="100%" />
                  </conditions>
                </line>
                <line number="120" hits="1" branch="False" />
                <line number="121" hits="1" branch="True" condition-coverage="50% (1/2)">
                  <conditions>
                    <condition number="651" type="jump" coverage="50%" />
                  </conditions>
                </line>
                <line number="122" hits="1" branch="True" condition-coverage="50% (1/2)">
                  <conditions>
                    <condition number="667" type="jump" coverage="50%" />
                  </conditions>
                </line>
                <line number="123" hits="1" branch="False" />
                <line number="124" hits="1" branch="False" />
                <line number="125" hits="1" branch="False" />
                <line number="127" hits="1" branch="False" />
                <line number="129" hits="50" branch="False" />
                <line number="132" hits="69" branch="True" condition-coverage="100% (2/2)">
                  <conditions>
                    <condition number="912" type="jump" coverage="100%" />
                  </conditions>
                </line>
                <line number="134" hits="23" branch="False" />
                <line number="137" hits="23" branch="True" condition-coverage="100% (2/2)">
                  <conditions>
                    <condition number="971" type="jump" coverage="100%" />
                  </conditions>
                </line>
                <line number="138" hits="19" branch="True" condition-coverage="100% (2/2)">
                  <conditions>
                    <condition number="1049" type="jump" coverage="100%" />
                  </conditions>
                </line>
                <line number="140" hits="17" branch="True" condition-coverage="100% (2/2)">
                  <conditions>
                    <condition number="1096" type="jump" coverage="100%" />
                  </conditions>
                </line>
                <line number="142" hits="7" branch="False" />
                <line number="143" hits="36" branch="False" />
                <line number="144" hits="14" branch="True" condition-coverage="100% (2/2)">
                  <conditions>
                    <condition number="1193" type="jump" coverage="100%" />
                  </conditions>
                </line>
                <line number="146" hits="10" branch="False" />
                <line number="147" hits="67" branch="False" />
                <line number="148" hits="23" branch="True" condition-coverage="100% (2/2)">
                  <conditions>
                    <condition number="1321" type="jump" coverage="100%" />
                  </conditions>
                </line>
                <line number="150" hits="23" branch="False" />
                <line number="152" hits="24" branch="False" />
                <line number="154" hits="24" branch="True" condition-coverage="50% (1/2)">
                  <conditions>
                    <condition number="1481" type="jump" coverage="50%" />
                  </conditions>
                </line>
                <line number="155" hits="24" branch="False" />
                <line number="156" hits="24" branch="False" />
                <line number="157" hits="24" branch="False" />
                <line number="158" hits="24" branch="False" />
                <line number="159" hits="24" branch="False" />
                <line number="160" hits="24" branch="False" />
                <line number="161" hits="24" branch="False" />
                <line number="162" hits="24" branch="False" />
                <line number="163" hits="24" branch="False" />
                <line number="164" hits="24" branch="False" />
                <line number="165" hits="0" branch="False" />
                <line number="166" hits="0" branch="False" />
              </lines>
            </method>
            <method name="getSellTxnsInPeriod" signature="(Microsoft.FSharp.Collections.FSharpList`1&lt;Degiro.Txn&gt;,System.Int32,Degiro.Period)" line-rate="1" branch-rate="1" complexity="1">
              <lines>
                <line number="171" hits="8" branch="False" />
                <line number="172" hits="33" branch="False" />
                <line number="173" hits="8" branch="False" />
                <line number="174" hits="9" branch="False" />
                <line number="175" hits="2" branch="False" />
                <line number="176" hits="2" branch="False" />
                <line number="177" hits="14" branch="False" />
                <line number="178" hits="12" branch="False" />
              </lines>
            </method>
            <method name="getEtfBuyTxnsInYear" signature="(Microsoft.FSharp.Collections.FSharpList`1&lt;Degiro.Txn&gt;,System.Int32)" line-rate="1" branch-rate="1" complexity="1">
              <lines>
                <line number="183" hits="1" branch="False" />
                <line number="184" hits="16" branch="False" />
                <line number="185" hits="5" branch="False" />
              </lines>
            </method>
            <method name="getStockChanges" signature="(System.Collections.Generic.IEnumerable`1&lt;System.Tuple`8&lt;System.DateTime,System.TimeSpan,System.DateTime,System.String,System.String,System.String,System.Double,System.Tuple`5&lt;System.String,System.Nullable`1&lt;System.Decimal&gt;,System.String,System.Decimal,Microsoft.FSharp.Core.FSharpOption`1&lt;System.Guid&gt;&gt;&gt;&gt;)" line-rate="1" branch-rate="1" complexity="1">
              <lines>
                <line number="191" hits="5" branch="False" />
                <line number="192" hits="5" branch="False" />
                <line number="193" hits="65" branch="False" />
                <line number="194" hits="59" branch="False" />
                <line number="195" hits="62" branch="False" />
                <line number="196" hits="15" branch="False" />
                <line number="226" hits="5" branch="False" />
                <line number="227" hits="10" branch="False" />
                <line number="232" hits="10" branch="False" />
              </lines>
            </method>
            <method name="getBuyTxnsPrecedingSell" signature="(Microsoft.FSharp.Collections.FSharpList`1&lt;Degiro.Txn&gt;,Microsoft.FSharp.Collections.FSharpMap`2&lt;System.String,Degiro.StockChange&gt;,Degiro.Txn)" line-rate="1" branch-rate="0.875" complexity="8">
              <lines>
                <line number="239" hits="7" branch="False" />
                <line number="240" hits="49" branch="False" />
                <line number="241" hits="11" branch="False" />
                <line number="243" hits="7" branch="True" condition-coverage="100% (2/2)">
                  <conditions>
                    <condition number="51" type="jump" coverage="100%" />
                  </conditions>
                </line>
                <line number="245" hits="4" branch="False" />
                <line number="248" hits="4" branch="False" />
                <line number="249" hits="27" branch="False" />
                <line number="250" hits="4" branch="False" />
                <line number="251" hits="10" branch="False" />
                <line number="252" hits="10" branch="False" />
                <line number="253" hits="10" branch="False" />
                <line number="254" hits="10" branch="False" />
                <line number="255" hits="10" branch="False" />
                <line number="256" hits="14" branch="False" />
                <line number="262" hits="14" branch="True" condition-coverage="75% (3/4)">
                  <conditions>
                    <condition number="154" type="jump" coverage="50%" />
                    <condition number="214" type="jump" coverage="100%" />
                  </conditions>
                </line>
                <line number="265" hits="4" branch="True" condition-coverage="100% (2/2)">
                  <conditions>
                    <condition number="232" type="jump" coverage="100%" />
                  </conditions>
                </line>
                <line number="266" hits="1" branch="False" />
                <line number="267" hits="1" branch="False" />
                <line number="268" hits="3" branch="False" />
                <line number="269" hits="1" branch="False" />
                <line number="270" hits="1" branch="False" />
                <line number="271" hits="3" branch="False" />
                <line number="273" hits="3" branch="False" />
                <line number="275" hits="4" branch="False" />
                <line number="276" hits="14" branch="False" />
                <line number="278" hits="3" branch="False" />
              </lines>
            </method>
            <method name="computeEarning" signature="(Microsoft.FSharp.Collections.FSharpList`1&lt;Degiro.Txn&gt;,Microsoft.FSharp.Collections.FSharpMap`2&lt;System.String,Degiro.StockChange&gt;,Degiro.Txn)" line-rate="1" branch-rate="1" complexity="1">
              <lines>
                <line number="286" hits="7" branch="False" />
                <line number="307" hits="7" branch="False" />
                <line number="309" hits="7" branch="False" />
                <line number="310" hits="7" branch="False" />
              </lines>
            </method>
            <method name="getSellsEarnings" signature="(Microsoft.FSharp.Collections.FSharpList`1&lt;Degiro.Txn&gt;,Microsoft.FSharp.Collections.FSharpList`1&lt;Degiro.Txn&gt;,Microsoft.FSharp.Collections.FSharpMap`2&lt;System.String,Degiro.StockChange&gt;)" line-rate="1" branch-rate="1" complexity="1">
              <lines>
                <line number="319" hits="6" branch="False" />
                <line number="320" hits="6" branch="False" />
                <line number="321" hits="7" branch="False" />
                <line number="322" hits="6" branch="False" />
                <line number="323" hits="13" branch="False" />
                <line number="324" hits="13" branch="False" />
                <line number="325" hits="13" branch="False" />
                <line number="326" hits="13" branch="False" />
                <line number="327" hits="13" branch="False" />
                <line number="328" hits="13" branch="False" />
              </lines>
            </method>
            <method name="getTotalYearAdrFees" signature="(System.Collections.Generic.IEnumerable`1&lt;System.Tuple`8&lt;System.DateTime,System.TimeSpan,System.DateTime,System.String,System.String,System.String,System.Double,System.Tuple`5&lt;System.String,System.Nullable`1&lt;System.Decimal&gt;,System.String,System.Decimal,Microsoft.FSharp.Core.FSharpOption`1&lt;System.Guid&gt;&gt;&gt;&gt;,System.Int32)" line-rate="1" branch-rate="1" complexity="2">
              <lines>
                <line number="333" hits="1" branch="False" />
                <line number="334" hits="11" branch="False" />
                <line number="335" hits="6" branch="True" condition-coverage="100% (2/2)">
                  <conditions>
                    <condition number="82" type="jump" coverage="100%" />
                  </conditions>
                </line>
              </lines>
            </method>
            <method name="getTotalYearFees" signature="(System.Collections.Generic.IEnumerable`1&lt;System.Tuple`8&lt;System.DateTime,System.TimeSpan,System.DateTime,System.String,System.String,System.String,System.Double,System.Tuple`5&lt;System.String,System.Nullable`1&lt;System.Decimal&gt;,System.String,System.Decimal,Microsoft.FSharp.Core.FSharpOption`1&lt;System.Guid&gt;&gt;&gt;&gt;,System.Int32)" line-rate="1" branch-rate="1" complexity="2">
              <lines>
                <line number="340" hits="3" branch="False" />
                <line number="341" hits="3" branch="False" />
                <line number="342" hits="39" branch="False" />
                <line number="343" hits="13" branch="False" />
                <line number="344" hits="8" branch="False" />
                <line number="345" hits="14" branch="True" condition-coverage="100% (2/2)">
                  <conditions>
                    <condition number="82" type="jump" coverage="100%" />
                  </conditions>
                </line>
              </lines>
            </method>
            <method name="getTotalYearSpanishFTT" signature="(System.Collections.Generic.IEnumerable`1&lt;System.Tuple`8&lt;System.DateTime,System.TimeSpan,System.DateTime,System.String,System.String,System.String,System.Double,System.Tuple`5&lt;System.String,System.Nullable`1&lt;System.Decimal&gt;,System.String,System.Decimal,Microsoft.FSharp.Core.FSharpOption`1&lt;System.Guid&gt;&gt;&gt;&gt;,System.Int32)" line-rate="1" branch-rate="1" complexity="2">
              <lines>
                <line number="351" hits="1" branch="False" />
                <line number="352" hits="11" branch="False" />
                <line number="353" hits="3" branch="True" condition-coverage="100% (2/2)">
                  <conditions>
                    <condition number="82" type="jump" coverage="100%" />
                  </conditions>
                </line>
              </lines>
            </method>
            <method name="getTotalYearStampDuty" signature="(System.Collections.Generic.IEnumerable`1&lt;System.Tuple`8&lt;System.DateTime,System.TimeSpan,System.DateTime,System.String,System.String,System.String,System.Double,System.Tuple`5&lt;System.String,System.Nullable`1&lt;System.Decimal&gt;,System.String,System.Decimal,Microsoft.FSharp.Core.FSharpOption`1&lt;System.Guid&gt;&gt;&gt;&gt;,System.Int32)" line-rate="1" branch-rate="1" complexity="2">
              <lines>
                <line number="358" hits="2" branch="False" />
                <line number="359" hits="47" branch="False" />
                <line number="360" hits="6" branch="True" condition-coverage="100% (2/2)">
                  <conditions>
                    <condition number="82" type="jump" coverage="100%" />
                  </conditions>
                </line>
              </lines>
            </method>
            <method name="getTotalDeposits" signature="(System.Collections.Generic.IEnumerable`1&lt;System.Tuple`8&lt;System.DateTime,System.TimeSpan,System.DateTime,System.String,System.String,System.String,System.Double,System.Tuple`5&lt;System.String,System.Nullable`1&lt;System.Decimal&gt;,System.String,System.Decimal,Microsoft.FSharp.Core.FSharpOption`1&lt;System.Guid&gt;&gt;&gt;&gt;)" line-rate="1" branch-rate="1" complexity="2">
              <lines>
                <line number="365" hits="1" branch="False" />
                <line number="366" hits="15" branch="False" />
                <line number="367" hits="4" branch="True" condition-coverage="100% (2/2)">
                  <conditions>
                    <condition number="81" type="jump" coverage="100%" />
                  </conditions>
                </line>
              </lines>
            </method>
            <method name="getTotalYearDeposits" signature="(System.Collections.Generic.IEnumerable`1&lt;System.Tuple`8&lt;System.DateTime,System.TimeSpan,System.DateTime,System.String,System.String,System.String,System.Double,System.Tuple`5&lt;System.String,System.Nullable`1&lt;System.Decimal&gt;,System.String,System.Decimal,Microsoft.FSharp.Core.FSharpOption`1&lt;System.Guid&gt;&gt;&gt;&gt;,System.Int32)" line-rate="1" branch-rate="1" complexity="2">
              <lines>
                <line number="372" hits="3" branch="False" />
                <line number="373" hits="3" branch="False" />
                <line number="374" hits="42" branch="False" />
                <line number="375" hits="12" branch="False" />
                <line number="376" hits="6" branch="True" condition-coverage="100% (2/2)">
                  <conditions>
                    <condition number="82" type="jump" coverage="100%" />
                  </conditions>
                </line>
              </lines>
            </method>
            <method name="getTotalWithdrawals" signature="(System.Collections.Generic.IEnumerable`1&lt;System.Tuple`8&lt;System.DateTime,System.TimeSpan,System.DateTime,System.String,System.String,System.String,System.Double,System.Tuple`5&lt;System.String,System.Nullable`1&lt;System.Decimal&gt;,System.String,System.Decimal,Microsoft.FSharp.Core.FSharpOption`1&lt;System.Guid&gt;&gt;&gt;&gt;)" line-rate="1" branch-rate="1" complexity="2">
              <lines>
                <line number="381" hits="1" branch="False" />
                <line number="382" hits="20" branch="False" />
                <line number="383" hits="4" branch="True" condition-coverage="100% (2/2)">
                  <conditions>
                    <condition number="81" type="jump" coverage="100%" />
                  </conditions>
                </line>
              </lines>
            </method>
            <method name="getTotalYearWithdrawals" signature="(System.Collections.Generic.IEnumerable`1&lt;System.Tuple`8&lt;System.DateTime,System.TimeSpan,System.DateTime,System.String,System.String,System.String,System.Double,System.Tuple`5&lt;System.String,System.Nullable`1&lt;System.Decimal&gt;,System.String,System.Decimal,Microsoft.FSharp.Core.FSharpOption`1&lt;System.Guid&gt;&gt;&gt;&gt;,System.Int32)" line-rate="1" branch-rate="1" complexity="2">
              <lines>
                <line number="388" hits="3" branch="False" />
                <line number="389" hits="3" branch="False" />
                <line number="390" hits="39" branch="False" />
                <line number="391" hits="18" branch="False" />
                <line number="392" hits="12" branch="False" />
                <line number="393" hits="6" branch="True" condition-coverage="100% (2/2)">
                  <conditions>
                    <condition number="82" type="jump" coverage="100%" />
                  </conditions>
                </line>
              </lines>
            </method>
            <method name="cleanCsv" signature="(System.String)" line-rate="0.9743" branch-rate="0.6515000000000001" complexity="66">
              <lines>
                <line number="400" hits="2" branch="False" />
                <line number="401" hits="6" branch="False" />
                <line number="403" hits="2" branch="True" condition-coverage="50% (1/2)">
                  <conditions>
                    <condition number="31" type="jump" coverage="50%" />
                  </conditions>
                </line>
                <line number="404" hits="2" branch="False" />
                <line number="406" hits="2" branch="False" />
                <line number="407" hits="2" branch="True" condition-coverage="50% (1/2)">
                  <conditions>
                    <condition number="54" type="jump" coverage="50%" />
                  </conditions>
                </line>
                <line number="408" hits="15" branch="True" condition-coverage="100% (2/2)">
                  <conditions>
                    <condition number="100" type="jump" coverage="100%" />
                  </conditions>
                </line>
                <line number="409" hits="5" branch="False" />
                <line number="410" hits="2" branch="False" />
                <line number="411" hits="5" branch="False" />
                <line number="412" hits="5" branch="True" condition-coverage="50% (2/4)">
                  <conditions>
                    <condition number="150" type="jump" coverage="50%" />
                    <condition number="168" type="jump" coverage="50%" />
                  </conditions>
                </line>
                <line number="413" hits="2" branch="False" />
                <line number="414" hits="5" branch="True" condition-coverage="50% (4/8)">
                  <conditions>
                    <condition number="221" type="jump" coverage="50%" />
                    <condition number="239" type="jump" coverage="50%" />
                    <condition number="282" type="jump" coverage="50%" />
                    <condition number="300" type="jump" coverage="50%" />
                  </conditions>
                </line>
                <line number="415" hits="2" branch="False" />
                <line number="416" hits="2" branch="False" />
                <line number="417" hits="13" branch="True" condition-coverage="100% (4/4)">
                  <conditions>
                    <condition number="353" type="jump" coverage="100%" />
                    <condition number="375" type="jump" coverage="100%" />
                  </conditions>
                </line>
                <line number="418" hits="3" branch="False" />
                <line number="419" hits="2" branch="False" />
                <line number="420" hits="2" branch="False" />
                <line number="421" hits="2" branch="False" />
                <line number="422" hits="5" branch="True" condition-coverage="64.28% (18/28)">
                  <conditions>
                    <condition number="450" type="jump" coverage="50%" />
                    <condition number="464" type="jump" coverage="50%" />
                    <condition number="484" type="jump" coverage="50%" />
                    <condition number="501" type="jump" coverage="50%" />
                    <condition number="561" type="jump" coverage="50%" />
                    <condition number="596" type="jump" coverage="100%" />
                    <condition number="631" type="jump" coverage="100%" />
                    <condition number="681" type="jump" coverage="50%" />
                    <condition number="695" type="jump" coverage="50%" />
                    <condition number="715" type="jump" coverage="50%" />
                    <condition number="732" type="jump" coverage="50%" />
                    <condition number="792" type="jump" coverage="50%" />
                    <condition number="831" type="jump" coverage="100%" />
                    <condition number="866" type="jump" coverage="100%" />
                  </conditions>
                </line>
                <line number="423" hits="5" branch="False" />
                <line number="424" hits="5" branch="False" />
                <line number="425" hits="5" branch="False" />
                <line number="426" hits="5" branch="False" />
                <line number="427" hits="5" branch="False" />
                <line number="428" hits="5" branch="False" />
                <line number="429" hits="5" branch="False" />
                <line number="430" hits="2" branch="False" />
                <line number="431" hits="5" branch="True" condition-coverage="64.28% (9/14)">
                  <conditions>
                    <condition number="961" type="jump" coverage="50%" />
                    <condition number="975" type="jump" coverage="50%" />
                    <condition number="995" type="jump" coverage="50%" />
                    <condition number="1012" type="jump" coverage="50%" />
                    <condition number="1072" type="jump" coverage="50%" />
                    <condition number="1105" type="jump" coverage="100%" />
                    <condition number="1140" type="jump" coverage="100%" />
                  </conditions>
                </line>
                <line number="432" hits="5" branch="False" />
                <line number="433" hits="2" branch="False" />
                <line number="434" hits="5" branch="False" />
                <line number="435" hits="10" branch="False" />
                <line number="436" hits="10" branch="False" />
                <line number="437" hits="2" branch="False" />
                <line number="438" hits="22" branch="True" condition-coverage="100% (2/2)">
                  <conditions>
                    <condition number="1271" type="jump" coverage="100%" />
                  </conditions>
                </line>
                <line number="440" hits="2" branch="False" />
                <line number="442" hits="0" branch="False" />
              </lines>
            </method>
            <method name="getAllDividends" signature="(System.Collections.Generic.IEnumerable`1&lt;System.Tuple`8&lt;System.DateTime,System.TimeSpan,System.DateTime,System.String,System.String,System.String,System.Double,System.Tuple`5&lt;System.String,System.Nullable`1&lt;System.Decimal&gt;,System.String,System.Decimal,Microsoft.FSharp.Core.FSharpOption`1&lt;System.Guid&gt;&gt;&gt;&gt;,System.Int32)" line-rate="1" branch-rate="1" complexity="1">
              <lines>
                <line number="450" hits="1" branch="False" />
                <line number="451" hits="1" branch="False" />
                <line number="452" hits="5" branch="False" />
                <line number="453" hits="8" branch="False" />
                <line number="454" hits="1" branch="False" />
                <line number="457" hits="5" branch="False" />
                <line number="479" hits="1" branch="False" />
                <line number="480" hits="1" branch="False" />
                <line number="481" hits="1" branch="False" />
              </lines>
            </method>
          </methods>
          <lines>
            <line number="35" hits="14" branch="False" />
            <line number="36" hits="145" branch="False" />
            <line number="37" hits="14" branch="False" />
            <line number="38" hits="111" branch="False" />
            <line number="39" hits="111" branch="False" />
            <line number="40" hits="14" branch="False" />
            <line number="45" hits="24" branch="False" />
            <line number="46" hits="24" branch="False" />
            <line number="47" hits="24" branch="False" />
            <line number="48" hits="24" branch="True" condition-coverage="100% (2/2)">
              <conditions>
                <condition number="80" type="jump" coverage="100%" />
              </conditions>
            </line>
            <line number="49" hits="5" branch="False" />
            <line number="50" hits="43" branch="False" />
            <line number="56" hits="24" branch="False" />
            <line number="58" hits="24" branch="False" />
            <line number="61" hits="24" branch="False" />
            <line number="62" hits="609" branch="False" />
            <line number="64" hits="24" branch="False" />
            <line number="65" hits="24" branch="False" />
            <line number="66" hits="24" branch="False" />
            <line number="67" hits="24" branch="False" />
            <line number="68" hits="24" branch="False" />
            <line number="92" hits="24" branch="False" />
            <line number="93" hits="24" branch="False" />
            <line number="96" hits="24" branch="False" />
            <line number="97" hits="24" branch="False" />
            <line number="98" hits="111" branch="False" />
            <line number="99" hits="97" branch="False" />
            <line number="100" hits="62" branch="True" condition-coverage="100% (2/2)">
              <conditions>
                <condition number="313" type="jump" coverage="100%" />
              </conditions>
            </line>
            <line number="103" hits="52" branch="True" condition-coverage="100% (2/2)">
              <conditions>
                <condition number="369" type="jump" coverage="100%" />
              </conditions>
            </line>
            <line number="111" hits="1" branch="False" />
            <line number="112" hits="1" branch="False" />
            <line number="115" hits="4" branch="True" condition-coverage="100% (2/2)">
              <conditions>
                <condition number="495" type="jump" coverage="100%" />
              </conditions>
            </line>
            <line number="118" hits="4" branch="True" condition-coverage="100% (2/2)">
              <conditions>
                <condition number="612" type="jump" coverage="100%" />
              </conditions>
            </line>
            <line number="120" hits="1" branch="False" />
            <line number="121" hits="1" branch="True" condition-coverage="50% (1/2)">
              <conditions>
                <condition number="651" type="jump" coverage="50%" />
              </conditions>
            </line>
            <line number="122" hits="1" branch="True" condition-coverage="50% (1/2)">
              <conditions>
                <condition number="667" type="jump" coverage="50%" />
              </conditions>
            </line>
            <line number="123" hits="1" branch="False" />
            <line number="124" hits="1" branch="False" />
            <line number="125" hits="1" branch="False" />
            <line number="127" hits="1" branch="False" />
            <line number="129" hits="50" branch="False" />
            <line number="132" hits="69" branch="True" condition-coverage="100% (2/2)">
              <conditions>
                <condition number="912" type="jump" coverage="100%" />
              </conditions>
            </line>
            <line number="134" hits="23" branch="False" />
            <line number="137" hits="23" branch="True" condition-coverage="100% (2/2)">
              <conditions>
                <condition number="971" type="jump" coverage="100%" />
              </conditions>
            </line>
            <line number="138" hits="19" branch="True" condition-coverage="100% (2/2)">
              <conditions>
                <condition number="1049" type="jump" coverage="100%" />
              </conditions>
            </line>
            <line number="140" hits="17" branch="True" condition-coverage="100% (2/2)">
              <conditions>
                <condition number="1096" type="jump" coverage="100%" />
              </conditions>
            </line>
            <line number="142" hits="7" branch="False" />
            <line number="143" hits="36" branch="False" />
            <line number="144" hits="14" branch="True" condition-coverage="100% (2/2)">
              <conditions>
                <condition number="1193" type="jump" coverage="100%" />
              </conditions>
            </line>
            <line number="146" hits="10" branch="False" />
            <line number="147" hits="67" branch="False" />
            <line number="148" hits="23" branch="True" condition-coverage="100% (2/2)">
              <conditions>
                <condition number="1321" type="jump" coverage="100%" />
              </conditions>
            </line>
            <line number="150" hits="23" branch="False" />
            <line number="152" hits="24" branch="False" />
            <line number="154" hits="24" branch="True" condition-coverage="50% (1/2)">
              <conditions>
                <condition number="1481" type="jump" coverage="50%" />
              </conditions>
            </line>
            <line number="155" hits="24" branch="False" />
            <line number="156" hits="24" branch="False" />
            <line number="157" hits="24" branch="False" />
            <line number="158" hits="24" branch="False" />
            <line number="159" hits="24" branch="False" />
            <line number="160" hits="24" branch="False" />
            <line number="161" hits="24" branch="False" />
            <line number="162" hits="24" branch="False" />
            <line number="163" hits="24" branch="False" />
            <line number="164" hits="24" branch="False" />
            <line number="165" hits="0" branch="False" />
            <line number="166" hits="0" branch="False" />
            <line number="171" hits="8" branch="False" />
            <line number="172" hits="33" branch="False" />
            <line number="173" hits="8" branch="False" />
            <line number="174" hits="9" branch="False" />
            <line number="175" hits="2" branch="False" />
            <line number="176" hits="2" branch="False" />
            <line number="177" hits="14" branch="False" />
            <line number="178" hits="12" branch="False" />
            <line number="183" hits="1" branch="False" />
            <line number="184" hits="16" branch="False" />
            <line number="185" hits="5" branch="False" />
            <line number="191" hits="5" branch="False" />
            <line number="192" hits="5" branch="False" />
            <line number="193" hits="65" branch="False" />
            <line number="194" hits="59" branch="False" />
            <line number="195" hits="62" branch="False" />
            <line number="196" hits="15" branch="False" />
            <line number="226" hits="5" branch="False" />
            <line number="227" hits="10" branch="False" />
            <line number="232" hits="10" branch="False" />
            <line number="239" hits="7" branch="False" />
            <line number="240" hits="49" branch="False" />
            <line number="241" hits="11" branch="False" />
            <line number="243" hits="7" branch="True" condition-coverage="100% (2/2)">
              <conditions>
                <condition number="51" type="jump" coverage="100%" />
              </conditions>
            </line>
            <line number="245" hits="4" branch="False" />
            <line number="248" hits="4" branch="False" />
            <line number="249" hits="27" branch="False" />
            <line number="250" hits="4" branch="False" />
            <line number="251" hits="10" branch="False" />
            <line number="252" hits="10" branch="False" />
            <line number="253" hits="10" branch="False" />
            <line number="254" hits="10" branch="False" />
            <line number="255" hits="10" branch="False" />
            <line number="256" hits="14" branch="False" />
            <line number="262" hits="14" branch="True" condition-coverage="75% (3/4)">
              <conditions>
                <condition number="154" type="jump" coverage="50%" />
                <condition number="214" type="jump" coverage="100%" />
              </conditions>
            </line>
            <line number="265" hits="4" branch="True" condition-coverage="100% (2/2)">
              <conditions>
                <condition number="232" type="jump" coverage="100%" />
              </conditions>
            </line>
            <line number="266" hits="1" branch="False" />
            <line number="267" hits="1" branch="False" />
            <line number="268" hits="3" branch="False" />
            <line number="269" hits="1" branch="False" />
            <line number="270" hits="1" branch="False" />
            <line number="271" hits="3" branch="False" />
            <line number="273" hits="3" branch="False" />
            <line number="275" hits="4" branch="False" />
            <line number="276" hits="14" branch="False" />
            <line number="278" hits="3" branch="False" />
            <line number="286" hits="7" branch="False" />
            <line number="307" hits="7" branch="False" />
            <line number="309" hits="7" branch="False" />
            <line number="310" hits="7" branch="False" />
            <line number="319" hits="6" branch="False" />
            <line number="320" hits="6" branch="False" />
            <line number="321" hits="7" branch="False" />
            <line number="322" hits="6" branch="False" />
            <line number="323" hits="13" branch="False" />
            <line number="324" hits="13" branch="False" />
            <line number="325" hits="13" branch="False" />
            <line number="326" hits="13" branch="False" />
            <line number="327" hits="13" branch="False" />
            <line number="328" hits="13" branch="False" />
            <line number="333" hits="1" branch="False" />
            <line number="334" hits="11" branch="False" />
            <line number="335" hits="6" branch="True" condition-coverage="100% (2/2)">
              <conditions>
                <condition number="82" type="jump" coverage="100%" />
              </conditions>
            </line>
            <line number="340" hits="3" branch="False" />
            <line number="341" hits="3" branch="False" />
            <line number="342" hits="39" branch="False" />
            <line number="343" hits="13" branch="False" />
            <line number="344" hits="8" branch="False" />
            <line number="345" hits="14" branch="True" condition-coverage="100% (2/2)">
              <conditions>
                <condition number="82" type="jump" coverage="100%" />
              </conditions>
            </line>
            <line number="351" hits="1" branch="False" />
            <line number="352" hits="11" branch="False" />
            <line number="353" hits="3" branch="True" condition-coverage="100% (2/2)">
              <conditions>
                <condition number="82" type="jump" coverage="100%" />
              </conditions>
            </line>
            <line number="358" hits="2" branch="False" />
            <line number="359" hits="47" branch="False" />
            <line number="360" hits="6" branch="True" condition-coverage="100% (2/2)">
              <conditions>
                <condition number="82" type="jump" coverage="100%" />
              </conditions>
            </line>
            <line number="365" hits="1" branch="False" />
            <line number="366" hits="15" branch="False" />
            <line number="367" hits="4" branch="True" condition-coverage="100% (2/2)">
              <conditions>
                <condition number="81" type="jump" coverage="100%" />
              </conditions>
            </line>
            <line number="372" hits="3" branch="False" />
            <line number="373" hits="3" branch="False" />
            <line number="374" hits="42" branch="False" />
            <line number="375" hits="12" branch="False" />
            <line number="376" hits="6" branch="True" condition-coverage="100% (2/2)">
              <conditions>
                <condition number="82" type="jump" coverage="100%" />
              </conditions>
            </line>
            <line number="381" hits="1" branch="False" />
            <line number="382" hits="20" branch="False" />
            <line number="383" hits="4" branch="True" condition-coverage="100% (2/2)">
              <conditions>
                <condition number="81" type="jump" coverage="100%" />
              </conditions>
            </line>
            <line number="388" hits="3" branch="False" />
            <line number="389" hits="3" branch="False" />
            <line number="390" hits="39" branch="False" />
            <line number="391" hits="18" branch="False" />
            <line number="392" hits="12" branch="False" />
            <line number="393" hits="6" branch="True" condition-coverage="100% (2/2)">
              <conditions>
                <condition number="82" type="jump" coverage="100%" />
              </conditions>
            </line>
            <line number="400" hits="2" branch="False" />
            <line number="401" hits="6" branch="False" />
            <line number="403" hits="2" branch="True" condition-coverage="50% (1/2)">
              <conditions>
                <condition number="31" type="jump" coverage="50%" />
              </conditions>
            </line>
            <line number="404" hits="2" branch="False" />
            <line number="406" hits="2" branch="False" />
            <line number="407" hits="2" branch="True" condition-coverage="50% (1/2)">
              <conditions>
                <condition number="54" type="jump" coverage="50%" />
              </conditions>
            </line>
            <line number="408" hits="15" branch="True" condition-coverage="100% (2/2)">
              <conditions>
                <condition number="100" type="jump" coverage="100%" />
              </conditions>
            </line>
            <line number="409" hits="5" branch="False" />
            <line number="410" hits="2" branch="False" />
            <line number="411" hits="5" branch="False" />
            <line number="412" hits="5" branch="True" condition-coverage="50% (2/4)">
              <conditions>
                <condition number="150" type="jump" coverage="50%" />
                <condition number="168" type="jump" coverage="50%" />
              </conditions>
            </line>
            <line number="413" hits="2" branch="False" />
            <line number="414" hits="5" branch="True" condition-coverage="50% (4/8)">
              <conditions>
                <condition number="221" type="jump" coverage="50%" />
                <condition number="239" type="jump" coverage="50%" />
                <condition number="282" type="jump" coverage="50%" />
                <condition number="300" type="jump" coverage="50%" />
              </conditions>
            </line>
            <line number="415" hits="2" branch="False" />
            <line number="416" hits="2" branch="False" />
            <line number="417" hits="13" branch="True" condition-coverage="100% (4/4)">
              <conditions>
                <condition number="353" type="jump" coverage="100%" />
                <condition number="375" type="jump" coverage="100%" />
              </conditions>
            </line>
            <line number="418" hits="3" branch="False" />
            <line number="419" hits="2" branch="False" />
            <line number="420" hits="2" branch="False" />
            <line number="421" hits="2" branch="False" />
            <line number="422" hits="5" branch="True" condition-coverage="64.28% (18/28)">
              <conditions>
                <condition number="450" type="jump" coverage="50%" />
                <condition number="464" type="jump" coverage="50%" />
                <condition number="484" type="jump" coverage="50%" />
                <condition number="501" type="jump" coverage="50%" />
                <condition number="561" type="jump" coverage="50%" />
                <condition number="596" type="jump" coverage="100%" />
                <condition number="631" type="jump" coverage="100%" />
                <condition number="681" type="jump" coverage="50%" />
                <condition number="695" type="jump" coverage="50%" />
                <condition number="715" type="jump" coverage="50%" />
                <condition number="732" type="jump" coverage="50%" />
                <condition number="792" type="jump" coverage="50%" />
                <condition number="831" type="jump" coverage="100%" />
                <condition number="866" type="jump" coverage="100%" />
              </conditions>
            </line>
            <line number="423" hits="5" branch="False" />
            <line number="424" hits="5" branch="False" />
            <line number="425" hits="5" branch="False" />
            <line number="426" hits="5" branch="False" />
            <line number="427" hits="5" branch="False" />
            <line number="428" hits="5" branch="False" />
            <line number="429" hits="5" branch="False" />
            <line number="430" hits="2" branch="False" />
            <line number="431" hits="5" branch="True" condition-coverage="64.28% (9/14)">
              <conditions>
                <condition number="961" type="jump" coverage="50%" />
                <condition number="975" type="jump" coverage="50%" />
                <condition number="995" type="jump" coverage="50%" />
                <condition number="1012" type="jump" coverage="50%" />
                <condition number="1072" type="jump" coverage="50%" />
                <condition number="1105" type="jump" coverage="100%" />
                <condition number="1140" type="jump" coverage="100%" />
              </conditions>
            </line>
            <line number="432" hits="5" branch="False" />
            <line number="433" hits="2" branch="False" />
            <line number="434" hits="5" branch="False" />
            <line number="435" hits="10" branch="False" />
            <line number="436" hits="10" branch="False" />
            <line number="437" hits="2" branch="False" />
            <line number="438" hits="22" branch="True" condition-coverage="100% (2/2)">
              <conditions>
                <condition number="1271" type="jump" coverage="100%" />
              </conditions>
            </line>
            <line number="440" hits="2" branch="False" />
            <line number="442" hits="0" branch="False" />
            <line number="450" hits="1" branch="False" />
            <line number="451" hits="1" branch="False" />
            <line number="452" hits="5" branch="False" />
            <line number="453" hits="8" branch="False" />
            <line number="454" hits="1" branch="False" />
            <line number="457" hits="5" branch="False" />
            <line number="479" hits="1" branch="False" />
            <line number="480" hits="1" branch="False" />
            <line number="481" hits="1" branch="False" />
          </lines>
        </class>
        <class name="Degiro.Account/getTxnTypeAndCurrency@71" filename="Degiro.fs" line-rate="1" branch-rate="1" complexity="1">
          <methods>
            <method name="Invoke" signature="(System.Tuple`8&lt;System.DateTime,System.TimeSpan,System.DateTime,System.String,System.String,System.String,System.Double,System.Tuple`5&lt;System.String,System.Nullable`1&lt;System.Decimal&gt;,System.String,System.Decimal,Microsoft.FSharp.Core.FSharpOption`1&lt;System.Guid&gt;&gt;&gt;)" line-rate="1" branch-rate="1" complexity="1">
              <lines>
                <line number="71" hits="52" branch="False" />
                <line number="73" hits="52" branch="False" />
                <line number="75" hits="52" branch="False" />
                <line number="77" hits="52" branch="False" />
              </lines>
            </method>
          </methods>
          <lines>
            <line number="71" hits="52" branch="False" />
            <line number="73" hits="52" branch="False" />
            <line number="75" hits="52" branch="False" />
            <line number="77" hits="52" branch="False" />
          </lines>
        </class>
        <class name="Degiro.Account/getFractionalQuantity@80" filename="Degiro.fs" line-rate="1" branch-rate="1" complexity="1">
          <methods>
            <method name="Invoke" signature="(System.Tuple`8&lt;System.DateTime,System.TimeSpan,System.DateTime,System.String,System.String,System.String,System.Double,System.Tuple`5&lt;System.String,System.Nullable`1&lt;System.Decimal&gt;,System.String,System.Decimal,Microsoft.FSharp.Core.FSharpOption`1&lt;System.Guid&gt;&gt;&gt;)" line-rate="1" branch-rate="1" complexity="1">
              <lines>
                <line number="80" hits="29" branch="False" />
                <line number="82" hits="29" branch="False" />
              </lines>
            </method>
          </methods>
          <lines>
            <line number="80" hits="29" branch="False" />
            <line number="82" hits="29" branch="False" />
          </lines>
        </class>
        <class name="Degiro.Account/getFractionalPrice@85" filename="Degiro.fs" line-rate="1" branch-rate="1" complexity="1">
          <methods>
            <method name="Invoke" signature="(System.Tuple`8&lt;System.DateTime,System.TimeSpan,System.DateTime,System.String,System.String,System.String,System.Double,System.Tuple`5&lt;System.String,System.Nullable`1&lt;System.Decimal&gt;,System.String,System.Decimal,Microsoft.FSharp.Core.FSharpOption`1&lt;System.Guid&gt;&gt;&gt;)" line-rate="1" branch-rate="1" complexity="1">
              <lines>
                <line number="85" hits="29" branch="False" />
                <line number="87" hits="29" branch="False" />
              </lines>
            </method>
          </methods>
          <lines>
            <line number="85" hits="29" branch="False" />
            <line number="87" hits="29" branch="False" />
          </lines>
        </class>
        <class name="Degiro.Account/getTotQuantity@90" filename="Degiro.fs" line-rate="1" branch-rate="1" complexity="2">
          <methods>
            <method name="Invoke" signature="(System.Collections.Generic.IEnumerable`1&lt;System.Tuple`8&lt;System.DateTime,System.TimeSpan,System.DateTime,System.String,System.String,System.String,System.Double,System.Tuple`5&lt;System.String,System.Nullable`1&lt;System.Decimal&gt;,System.String,System.Decimal,Microsoft.FSharp.Core.FSharpOption`1&lt;System.Guid&gt;&gt;&gt;&gt;,Microsoft.FSharp.Core.FSharpFunc`2&lt;System.Tuple`8&lt;System.DateTime,System.TimeSpan,System.DateTime,System.String,System.String,System.String,System.Double,System.Tuple`5&lt;System.String,System.Nullable`1&lt;System.Decimal&gt;,System.String,System.Decimal,Microsoft.FSharp.Core.FSharpOption`1&lt;System.Guid&gt;&gt;&gt;,System.Boolean&gt;)" line-rate="1" branch-rate="1" complexity="2">
              <lines>
                <line number="90" hits="100" branch="True" condition-coverage="100% (2/2)">
                  <conditions>
                    <condition number="65" type="jump" coverage="100%" />
                  </conditions>
                </line>
              </lines>
            </method>
          </methods>
          <lines>
            <line number="90" hits="100" branch="True" condition-coverage="100% (2/2)">
              <conditions>
                <condition number="65" type="jump" coverage="100%" />
              </conditions>
            </line>
          </lines>
        </class>
        <class name="Degiro.Account/isSell@107" filename="Degiro.fs" line-rate="1" branch-rate="1" complexity="1">
          <methods>
            <method name="Invoke" signature="(System.Tuple`8&lt;System.DateTime,System.TimeSpan,System.DateTime,System.String,System.String,System.String,System.Double,System.Tuple`5&lt;System.String,System.Nullable`1&lt;System.Decimal&gt;,System.String,System.Decimal,Microsoft.FSharp.Core.FSharpOption`1&lt;System.Guid&gt;&gt;&gt;)" line-rate="1" branch-rate="1" complexity="1">
              <lines>
                <line number="107" hits="4" branch="False" />
              </lines>
            </method>
          </methods>
          <lines>
            <line number="107" hits="4" branch="False" />
          </lines>
        </class>
        <class name="Degiro.Account/isBuy@109" filename="Degiro.fs" line-rate="1" branch-rate="1" complexity="1">
          <methods>
            <method name="Invoke" signature="(System.Tuple`8&lt;System.DateTime,System.TimeSpan,System.DateTime,System.String,System.String,System.String,System.Double,System.Tuple`5&lt;System.String,System.Nullable`1&lt;System.Decimal&gt;,System.String,System.Decimal,Microsoft.FSharp.Core.FSharpOption`1&lt;System.Guid&gt;&gt;&gt;)" line-rate="1" branch-rate="1" complexity="1">
              <lines>
                <line number="109" hits="4" branch="False" />
              </lines>
            </method>
          </methods>
          <lines>
            <line number="109" hits="4" branch="False" />
          </lines>
        </class>
        <class name="Degiro.Account/Pipe #1 stage #1 at line 201@201" filename="Degiro.fs" line-rate="1" branch-rate="1" complexity="1">
          <methods>
            <method name="Invoke" signature="(System.Tuple`8&lt;System.DateTime,System.TimeSpan,System.DateTime,System.String,System.String,System.String,System.Double,System.Tuple`5&lt;System.String,System.Nullable`1&lt;System.Decimal&gt;,System.String,System.Decimal,Microsoft.FSharp.Core.FSharpOption`1&lt;System.Guid&gt;&gt;&gt;)" line-rate="1" branch-rate="1" complexity="1">
              <lines>
                <line number="201" hits="15" branch="False" />
              </lines>
            </method>
          </methods>
          <lines>
            <line number="201" hits="15" branch="False" />
          </lines>
        </class>
        <class name="Degiro.Account/Pipe #2 stage #1 at line 206@206" filename="Degiro.fs" line-rate="1" branch-rate="1" complexity="1">
          <methods>
            <method name="Invoke" signature="(System.Tuple`8&lt;System.DateTime,System.TimeSpan,System.DateTime,System.String,System.String,System.String,System.Double,System.Tuple`5&lt;System.String,System.Nullable`1&lt;System.Decimal&gt;,System.String,System.Decimal,Microsoft.FSharp.Core.FSharpOption`1&lt;System.Guid&gt;&gt;&gt;)" line-rate="1" branch-rate="1" complexity="1">
              <lines>
                <line number="206" hits="15" branch="False" />
              </lines>
            </method>
          </methods>
          <lines>
            <line number="206" hits="15" branch="False" />
          </lines>
        </class>
        <class name="Degiro.Account/createStockChange@199" filename="Degiro.fs" line-rate="1" branch-rate="1" complexity="1">
          <methods>
            <method name="Invoke" signature="(System.Collections.Generic.IEnumerable`1&lt;System.Tuple`8&lt;System.DateTime,System.TimeSpan,System.DateTime,System.String,System.String,System.String,System.Double,System.Tuple`5&lt;System.String,System.Nullable`1&lt;System.Decimal&gt;,System.String,System.Decimal,Microsoft.FSharp.Core.FSharpOption`1&lt;System.Guid&gt;&gt;&gt;&gt;)" line-rate="1" branch-rate="1" complexity="1">
              <lines>
                <line number="200" hits="5" branch="False" />
                <line number="202" hits="5" branch="False" />
                <line number="205" hits="5" branch="False" />
                <line number="207" hits="5" branch="False" />
                <line number="209" hits="5" branch="False" />
                <line number="210" hits="5" branch="False" />
                <line number="212" hits="5" branch="False" />
                <line number="213" hits="5" branch="False" />
                <line number="214" hits="5" branch="False" />
                <line number="215" hits="5" branch="False" />
                <line number="216" hits="5" branch="False" />
                <line number="218" hits="5" branch="False" />
                <line number="219" hits="5" branch="False" />
                <line number="220" hits="5" branch="False" />
                <line number="221" hits="5" branch="False" />
                <line number="222" hits="5" branch="False" />
                <line number="223" hits="5" branch="False" />
              </lines>
            </method>
          </methods>
          <lines>
            <line number="200" hits="5" branch="False" />
            <line number="202" hits="5" branch="False" />
            <line number="205" hits="5" branch="False" />
            <line number="207" hits="5" branch="False" />
            <line number="209" hits="5" branch="False" />
            <line number="210" hits="5" branch="False" />
            <line number="212" hits="5" branch="False" />
            <line number="213" hits="5" branch="False" />
            <line number="214" hits="5" branch="False" />
            <line number="215" hits="5" branch="False" />
            <line number="216" hits="5" branch="False" />
            <line number="218" hits="5" branch="False" />
            <line number="219" hits="5" branch="False" />
            <line number="220" hits="5" branch="False" />
            <line number="221" hits="5" branch="False" />
            <line number="222" hits="5" branch="False" />
            <line number="223" hits="5" branch="False" />
          </lines>
        </class>
        <class name="Degiro.Account/folder@230" filename="Degiro.fs" line-rate="1" branch-rate="1" complexity="1">
          <methods>
            <method name="Invoke" signature="(Microsoft.FSharp.Collections.FSharpMap`2&lt;System.String,Degiro.StockChange&gt;,Degiro.StockChange)" line-rate="1" branch-rate="1" complexity="1">
              <lines>
                <line number="230" hits="10" branch="False" />
              </lines>
            </method>
          </methods>
          <lines>
            <line number="230" hits="10" branch="False" />
          </lines>
        </class>
        <class name="Degiro.Account/getTotBuyPrice@289" filename="Degiro.fs" line-rate="0.8332999999999999" branch-rate="0.75" complexity="8">
          <methods>
            <method name="Invoke" signature="(Microsoft.FSharp.Collections.FSharpList`1&lt;Degiro.Txn&gt;,System.Int32,System.Decimal)" line-rate="0.8332999999999999" branch-rate="0.75" complexity="8">
              <lines>
                <line number="289" hits="17" branch="True" condition-coverage="100% (2/2)">
                  <conditions>
                    <condition number="2" type="jump" coverage="100%" />
                  </conditions>
                </line>
                <line number="290" hits="7" branch="False" />
                <line number="291" hits="20" branch="True" condition-coverage="50% (2/4)">
                  <conditions>
                    <condition number="13" type="jump" coverage="50%" />
                    <condition number="27" type="jump" coverage="50%" />
                  </conditions>
                </line>
                <line number="292" hits="0" branch="False" />
                <line number="293" hits="0" branch="False" />
                <line number="295" hits="10" branch="False" />
                <line number="298" hits="10" branch="True" condition-coverage="100% (2/2)">
                  <conditions>
                    <condition number="120" type="jump" coverage="100%" />
                  </conditions>
                </line>
                <line number="299" hits="8" branch="False" />
                <line number="301" hits="2" branch="False" />
                <line number="302" hits="2" branch="False" />
                <line number="303" hits="2" branch="False" />
                <line number="305" hits="10" branch="False" />
              </lines>
            </method>
          </methods>
          <lines>
            <line number="289" hits="17" branch="True" condition-coverage="100% (2/2)">
              <conditions>
                <condition number="2" type="jump" coverage="100%" />
              </conditions>
            </line>
            <line number="290" hits="7" branch="False" />
            <line number="291" hits="20" branch="True" condition-coverage="50% (2/4)">
              <conditions>
                <condition number="13" type="jump" coverage="50%" />
                <condition number="27" type="jump" coverage="50%" />
              </conditions>
            </line>
            <line number="292" hits="0" branch="False" />
            <line number="293" hits="0" branch="False" />
            <line number="295" hits="10" branch="False" />
            <line number="298" hits="10" branch="True" condition-coverage="100% (2/2)">
              <conditions>
                <condition number="120" type="jump" coverage="100%" />
              </conditions>
            </line>
            <line number="299" hits="8" branch="False" />
            <line number="301" hits="2" branch="False" />
            <line number="302" hits="2" branch="False" />
            <line number="303" hits="2" branch="False" />
            <line number="305" hits="10" branch="False" />
          </lines>
        </class>
        <class name="Degiro.Account/Pipe #1 stage #1 at line 462@462" filename="Degiro.fs" line-rate="1" branch-rate="1" complexity="2">
          <methods>
            <method name="Invoke" signature="(System.Tuple`8&lt;System.DateTime,System.TimeSpan,System.DateTime,System.String,System.String,System.String,System.Double,System.Tuple`5&lt;System.String,System.Nullable`1&lt;System.Decimal&gt;,System.String,System.Decimal,Microsoft.FSharp.Core.FSharpOption`1&lt;System.Guid&gt;&gt;&gt;)" line-rate="1" branch-rate="1" complexity="2">
              <lines>
                <line number="462" hits="4" branch="True" condition-coverage="100% (2/2)">
                  <conditions>
                    <condition number="16" type="jump" coverage="100%" />
                  </conditions>
                </line>
              </lines>
            </method>
          </methods>
          <lines>
            <line number="462" hits="4" branch="True" condition-coverage="100% (2/2)">
              <conditions>
                <condition number="16" type="jump" coverage="100%" />
              </conditions>
            </line>
          </lines>
        </class>
        <class name="Degiro.Account/Pipe #2 stage #1 at line 467@467" filename="Degiro.fs" line-rate="1" branch-rate="1" complexity="2">
          <methods>
            <method name="Invoke" signature="(System.Tuple`8&lt;System.DateTime,System.TimeSpan,System.DateTime,System.String,System.String,System.String,System.Double,System.Tuple`5&lt;System.String,System.Nullable`1&lt;System.Decimal&gt;,System.String,System.Decimal,Microsoft.FSharp.Core.FSharpOption`1&lt;System.Guid&gt;&gt;&gt;)" line-rate="1" branch-rate="1" complexity="2">
              <lines>
                <line number="467" hits="4" branch="True" condition-coverage="100% (2/2)">
                  <conditions>
                    <condition number="16" type="jump" coverage="100%" />
                  </conditions>
                </line>
              </lines>
            </method>
          </methods>
          <lines>
            <line number="467" hits="4" branch="True" condition-coverage="100% (2/2)">
              <conditions>
                <condition number="16" type="jump" coverage="100%" />
              </conditions>
            </line>
          </lines>
        </class>
        <class name="Degiro.Account/dividendRow@470" filename="Degiro.fs" line-rate="1" branch-rate="1" complexity="1">
          <methods>
            <method name="Invoke" signature="(System.Tuple`8&lt;System.DateTime,System.TimeSpan,System.DateTime,System.String,System.String,System.String,System.Double,System.Tuple`5&lt;System.String,System.Nullable`1&lt;System.Decimal&gt;,System.String,System.Decimal,Microsoft.FSharp.Core.FSharpOption`1&lt;System.Guid&gt;&gt;&gt;)" line-rate="1" branch-rate="1" complexity="1">
              <lines>
                <line number="470" hits="3" branch="False" />
              </lines>
            </method>
          </methods>
          <lines>
            <line number="470" hits="3" branch="False" />
          </lines>
        </class>
        <class name="Degiro.Account/getAllDividendsForProductInYear@460" filename="Degiro.fs" line-rate="1" branch-rate="0.75" complexity="8">
          <methods>
            <method name="Invoke" signature="(Microsoft.FSharp.Collections.FSharpList`1&lt;System.Tuple`8&lt;System.DateTime,System.TimeSpan,System.DateTime,System.String,System.String,System.String,System.Double,System.Tuple`5&lt;System.String,System.Nullable`1&lt;System.Decimal&gt;,System.String,System.Decimal,Microsoft.FSharp.Core.FSharpOption`1&lt;System.Guid&gt;&gt;&gt;&gt;,System.String)" line-rate="1" branch-rate="0.75" complexity="8">
              <lines>
                <line number="461" hits="1" branch="False" />
                <line number="463" hits="2" branch="True" condition-coverage="75% (3/4)">
                  <conditions>
                    <condition number="23" type="jump" coverage="50%" />
                    <condition number="122" type="jump" coverage="100%" />
                  </conditions>
                </line>
                <line number="466" hits="1" branch="False" />
                <line number="468" hits="2" branch="True" condition-coverage="75% (3/4)">
                  <conditions>
                    <condition number="157" type="jump" coverage="50%" />
                    <condition number="257" type="jump" coverage="100%" />
                  </conditions>
                </line>
                <line number="472" hits="1" branch="False" />
                <line number="473" hits="1" branch="False" />
                <line number="474" hits="1" branch="False" />
                <line number="475" hits="1" branch="False" />
                <line number="476" hits="1" branch="False" />
                <line number="477" hits="1" branch="False" />
              </lines>
            </method>
          </methods>
          <lines>
            <line number="461" hits="1" branch="False" />
            <line number="463" hits="2" branch="True" condition-coverage="75% (3/4)">
              <conditions>
                <condition number="23" type="jump" coverage="50%" />
                <condition number="122" type="jump" coverage="100%" />
              </conditions>
            </line>
            <line number="466" hits="1" branch="False" />
            <line number="468" hits="2" branch="True" condition-coverage="75% (3/4)">
              <conditions>
                <condition number="157" type="jump" coverage="50%" />
                <condition number="257" type="jump" coverage="100%" />
              </conditions>
            </line>
            <line number="472" hits="1" branch="False" />
            <line number="473" hits="1" branch="False" />
            <line number="474" hits="1" branch="False" />
            <line number="475" hits="1" branch="False" />
            <line number="476" hits="1" branch="False" />
            <line number="477" hits="1" branch="False" />
          </lines>
        </class>
        <class name="&lt;StartupCode$Degiro-Account&gt;.$Degiro" filename="Degiro.fs" line-rate="1" branch-rate="1" complexity="1">
          <methods>
            <method name=".cctor" signature="()" line-rate="1" branch-rate="1" complexity="1">
              <lines>
                <line number="12" hits="1" branch="False" />
                <line number="13" hits="1" branch="False" />
                <line number="15" hits="1" branch="False" />
                <line number="16" hits="1" branch="False" />
                <line number="18" hits="1" branch="False" />
                <line number="19" hits="1" branch="False" />
                <line number="20" hits="1" branch="False" />
                <line number="21" hits="1" branch="False" />
                <line number="22" hits="1" branch="False" />
                <line number="23" hits="1" branch="False" />
                <line number="24" hits="1" branch="False" />
              </lines>
            </method>
          </methods>
          <lines>
            <line number="12" hits="1" branch="False" />
            <line number="13" hits="1" branch="False" />
            <line number="15" hits="1" branch="False" />
            <line number="16" hits="1" branch="False" />
            <line number="18" hits="1" branch="False" />
            <line number="19" hits="1" branch="False" />
            <line number="20" hits="1" branch="False" />
            <line number="21" hits="1" branch="False" />
            <line number="22" hits="1" branch="False" />
            <line number="23" hits="1" branch="False" />
            <line number="24" hits="1" branch="False" />
          </lines>
        </class>
        <class name="Degiro.Account/getRowsGroupedByOrderId@37" filename="Degiro.fs" line-rate="1" branch-rate="0.5" complexity="12">
          <methods />
          <lines />
        </class>
        <class name="Degiro.Account/Pipe #2 stage #1 at line 97@97" filename="Degiro.fs" line-rate="1" branch-rate="1" complexity="2">
          <methods />
          <lines />
        </class>
        <class name="Degiro.Account/buildTxn@103" filename="Degiro.fs" line-rate="1" branch-rate="1" complexity="2">
          <methods />
          <lines />
        </class>
        <class name="Degiro.Account/Pipe #1 stage #2 at line 173@173" filename="Degiro.fs" line-rate="1" branch-rate="0.7142000000000001" complexity="7">
          <methods />
          <lines />
        </class>
        <class name="Degiro.Account/Pipe #1 stage #1 at line 184@184" filename="Degiro.fs" line-rate="1" branch-rate="1" complexity="4">
          <methods />
          <lines />
        </class>
        <class name="Degiro.Account/Pipe #1 stage #1 at line 192@192" filename="Degiro.fs" line-rate="1" branch-rate="1" complexity="4">
          <methods />
          <lines />
        </class>
        <class name="Degiro.Account/Pipe #1 stage #1 at line 240@240" filename="Degiro.fs" line-rate="1" branch-rate="1" complexity="4">
          <methods />
          <lines />
        </class>
        <class name="Degiro.Account/Pipe #2 stage #1 at line 249@249" filename="Degiro.fs" line-rate="1" branch-rate="1" complexity="4">
          <methods />
          <lines />
        </class>
        <class name="Degiro.Account/buysPrecedingSellBeforeStockChangeRounded@267" filename="Degiro.fs" line-rate="1" branch-rate="1" complexity="2">
          <methods />
          <lines />
        </class>
        <class name="Degiro.Account/Pipe #1 stage #1 at line 334@334" filename="Degiro.fs" line-rate="1" branch-rate="0.5" complexity="2">
          <methods />
          <lines />
        </class>
        <class name="Degiro.Account/Pipe #1 stage #1 at line 341@341" filename="Degiro.fs" line-rate="1" branch-rate="1" complexity="4">
          <methods />
          <lines />
        </class>
        <class name="Degiro.Account/Pipe #1 stage #1 at line 352@352" filename="Degiro.fs" line-rate="1" branch-rate="0.5" complexity="2">
          <methods />
          <lines />
        </class>
        <class name="Degiro.Account/Pipe #1 stage #1 at line 359@359" filename="Degiro.fs" line-rate="1" branch-rate="1" complexity="2">
          <methods />
          <lines />
        </class>
        <class name="Degiro.Account/Pipe #1 stage #1 at line 366@366" filename="Degiro.fs" line-rate="1" branch-rate="1" complexity="2">
          <methods />
          <lines />
        </class>
        <class name="Degiro.Account/Pipe #1 stage #1 at line 373@373" filename="Degiro.fs" line-rate="1" branch-rate="1" complexity="4">
          <methods />
          <lines />
        </class>
        <class name="Degiro.Account/Pipe #1 stage #1 at line 382@382" filename="Degiro.fs" line-rate="1" branch-rate="1" complexity="2">
          <methods />
          <lines />
        </class>
        <class name="Degiro.Account/Pipe #1 stage #1 at line 389@389" filename="Degiro.fs" line-rate="1" branch-rate="1" complexity="4">
          <methods />
          <lines />
        </class>
        <class name="Degiro.Account/Pipe #1 stage #1 at line 451@451" filename="Degiro.fs" line-rate="1" branch-rate="1" complexity="4">
          <methods />
          <lines />
        </class>
      </classes>
    </package>
  </packages>
</coverage>